<?xml version="1.0" encoding="UTF-8"?>
<!-- Generated by org.testng.reporters.JUnitReportReporter -->
<testsuite hostname="happybirth" failures="0" tests="5" name="com.OrangeHRM.admin.Login" time="9.308" errors="0" timestamp="2025-04-05T19:55:57 ICT" skipped="0">
  <testcase classname="com.OrangeHRM.admin.Login" name="TC_01_Login_Page_Not_User" time="1.097"/>
  <testcase classname="com.OrangeHRM.admin.Login" name="TC_03_Login_Page_Wrong_User" time="2.104"/>
  <testcase classname="com.OrangeHRM.admin.Login" name="TC_02_Login_Page_Not_Password" time="1.353"/>
  <testcase classname="com.OrangeHRM.admin.Login" name="TC_05_Login_Page_Successfull" time="2.421"/>
  <testcase classname="com.OrangeHRM.admin.Login" name="TC_04_Login_Page_Wrong_Password" time="2.333"/>
</testsuite> <!-- com.OrangeHRM.admin.Login -->
