<?xml version="1.0" encoding="UTF-8"?>
<!-- Generated by org.testng.reporters.JUnitReportReporter -->
<testsuite hostname="happybirth" failures="0" tests="5" name="com.OrangeHRM.admin.Login" time="24.971" errors="0" timestamp="2025-05-05T17:28:22 ICT" skipped="0">
  <testcase classname="com.OrangeHRM.admin.Login" name="TC_02_Login_Page_Not_Password" time="4.441"/>
  <testcase classname="com.OrangeHRM.admin.Login" name="TC_05_Login_Page_Successfull" time="5.500"/>
  <testcase classname="com.OrangeHRM.admin.Login" name="TC_03_Login_Page_Wrong_User" time="5.430"/>
  <testcase classname="com.OrangeHRM.admin.Login" name="TC_01_Login_Page_Not_User" time="4.018"/>
  <testcase classname="com.OrangeHRM.admin.Login" name="TC_04_Login_Page_Wrong_Password" time="5.582"/>
</testsuite> <!-- com.OrangeHRM.admin.Login -->
