<?xml version="1.0" encoding="UTF-8"?>
<!-- Generated by org.testng.reporters.JUnitReportReporter -->
<testsuite hostname="happybirth" failures="0" tests="2" name="com.OrangeHRM.pim.AddEmployee" time="14.715" errors="0" timestamp="2025-04-08T14:51:11 ICT" skipped="0">
  <testcase classname="com.OrangeHRM.pim.AddEmployee" name="TC_01_Creat_New_Employee" time="7.308"/>
  <testcase classname="com.OrangeHRM.pim.AddEmployee" name="TC_01_Creat_New_Employee" time="7.407"/>
</testsuite> <!-- com.OrangeHRM.pim.AddEmployee -->
