<?xml version="1.0" encoding="UTF-8"?>
<!-- Generated by org.testng.reporters.JUnitReportReporter -->
<testsuite hostname="happybirth" failures="0" tests="3" name="com.OrangeHRM.pim.AddEmployee" time="22.205" errors="0" timestamp="2025-05-02T22:23:48 ICT" skipped="0">
  <testcase classname="com.OrangeHRM.pim.AddEmployee" name="TC_01_Creat_New_Employee" time="7.256"/>
  <testcase classname="com.OrangeHRM.pim.AddEmployee" name="TC_01_Creat_New_Employee" time="7.455"/>
  <testcase classname="com.OrangeHRM.pim.AddEmployee" name="TC_01_Creat_New_Employee" time="7.494"/>
</testsuite> <!-- com.OrangeHRM.pim.AddEmployee -->
