<?xml version="1.0" encoding="UTF-8"?>
<!-- Generated by org.testng.reporters.JUnitReportReporter -->
<testsuite hostname="happybirth" failures="0" tests="2" name="com.OrangeHRM.pim.AddEmployee" time="14.906" errors="0" timestamp="2025-04-10T18:20:46 ICT" skipped="0">
  <testcase classname="com.OrangeHRM.pim.AddEmployee" name="TC_01_Creat_New_Employee" time="7.237"/>
  <testcase classname="com.OrangeHRM.pim.AddEmployee" name="TC_01_Creat_New_Employee" time="7.669"/>
</testsuite> <!-- com.OrangeHRM.pim.AddEmployee -->
